Determining if the pthread_create exist failed with the following output:
Change Dir: /home/liyuke/Desktop/project2/build/CMakeFiles/CMakeTmp

Run Build Command:"/usr/bin/make" "cmTC_0103c/fast"
/usr/bin/make -f CMakeFiles/cmTC_0103c.dir/build.make CMakeFiles/cmTC_0103c.dir/build
make[1]: Entering directory '/home/liyuke/Desktop/project2/build/CMakeFiles/CMakeTmp'
Building C object CMakeFiles/cmTC_0103c.dir/CheckSymbolExists.c.o
/usr/bin/cc     -o CMakeFiles/cmTC_0103c.dir/CheckSymbolExists.c.o   -c /home/liyuke/Desktop/project2/build/CMakeFiles/CMakeTmp/CheckSymbolExists.c
Linking C executable cmTC_0103c
/usr/bin/cmake -E cmake_link_script CMakeFiles/cmTC_0103c.dir/link.txt --verbose=1
/usr/bin/cc       CMakeFiles/cmTC_0103c.dir/CheckSymbolExists.c.o  -o cmTC_0103c -rdynamic 
CMakeFiles/cmTC_0103c.dir/CheckSymbolExists.c.o：在函数‘main’中：
CheckSymbolExists.c:(.text+0x16)：对‘pthread_create’未定义的引用
collect2: error: ld returned 1 exit status
CMakeFiles/cmTC_0103c.dir/build.make:97: recipe for target 'cmTC_0103c' failed
make[1]: *** [cmTC_0103c] Error 1
make[1]: Leaving directory '/home/liyuke/Desktop/project2/build/CMakeFiles/CMakeTmp'
Makefile:126: recipe for target 'cmTC_0103c/fast' failed
make: *** [cmTC_0103c/fast] Error 2

File /home/liyuke/Desktop/project2/build/CMakeFiles/CMakeTmp/CheckSymbolExists.c:
/* */
#include <pthread.h>

int main(int argc, char** argv)
{
  (void)argv;
#ifndef pthread_create
  return ((int*)(&pthread_create))[argc];
#else
  (void)argc;
  return 0;
#endif
}

Determining if the function pthread_create exists in the pthreads failed with the following output:
Change Dir: /home/liyuke/Desktop/project2/build/CMakeFiles/CMakeTmp

Run Build Command:"/usr/bin/make" "cmTC_2860f/fast"
/usr/bin/make -f CMakeFiles/cmTC_2860f.dir/build.make CMakeFiles/cmTC_2860f.dir/build
make[1]: Entering directory '/home/liyuke/Desktop/project2/build/CMakeFiles/CMakeTmp'
Building C object CMakeFiles/cmTC_2860f.dir/CheckFunctionExists.c.o
/usr/bin/cc    -DCHECK_FUNCTION_EXISTS=pthread_create   -o CMakeFiles/cmTC_2860f.dir/CheckFunctionExists.c.o   -c /usr/share/cmake-3.5/Modules/CheckFunctionExists.c
Linking C executable cmTC_2860f
/usr/bin/cmake -E cmake_link_script CMakeFiles/cmTC_2860f.dir/link.txt --verbose=1
/usr/bin/cc   -DCHECK_FUNCTION_EXISTS=pthread_create    CMakeFiles/cmTC_2860f.dir/CheckFunctionExists.c.o  -o cmTC_2860f -rdynamic -lpthreads 
/usr/bin/ld: 找不到 -lpthreads
collect2: error: ld returned 1 exit status
CMakeFiles/cmTC_2860f.dir/build.make:97: recipe for target 'cmTC_2860f' failed
make[1]: *** [cmTC_2860f] Error 1
make[1]: Leaving directory '/home/liyuke/Desktop/project2/build/CMakeFiles/CMakeTmp'
Makefile:126: recipe for target 'cmTC_2860f/fast' failed
make: *** [cmTC_2860f/fast] Error 2


